  Checking Build System
  CMake does not need to re-run because D:/Users/server/Desktop/servidor/source/build/CMakeFiles/generate.stamp is up-to-date.
  CMake does not need to re-run because D:/Users/server/Desktop/servidor/source/build/dep/CMakeFiles/generate.stamp is up-to-date.
  CMake does not need to re-run because D:/Users/server/Desktop/servidor/source/build/dep/threads/CMakeFiles/generate.stamp is up-to-date.
  CMake does not need to re-run because D:/Users/server/Desktop/servidor/source/build/dep/boost/CMakeFiles/generate.stamp is up-to-date.
  CMake does not need to re-run because D:/Users/server/Desktop/servidor/source/build/dep/process/CMakeFiles/generate.stamp is up-to-date.
  CMake does not need to re-run because D:/Users/server/Desktop/servidor/source/build/dep/zlib/CMakeFiles/generate.stamp is up-to-date.
  CMake does not need to re-run because D:/Users/server/Desktop/servidor/source/build/dep/g3dlite/CMakeFiles/generate.stamp is up-to-date.
  CMake does not need to re-run because D:/Users/server/Desktop/servidor/source/build/dep/recastnavigation/CMakeFiles/generate.stamp is up-to-date.
  CMake does not need to re-run because D:/Users/server/Desktop/servidor/source/build/dep/recastnavigation/Detour/CMakeFiles/generate.stamp is up-to-date.
  CMake does not need to re-run because D:/Users/server/Desktop/servidor/source/build/dep/recastnavigation/Recast/CMakeFiles/generate.stamp is up-to-date.
  CMake does not need to re-run because D:/Users/server/Desktop/servidor/source/build/dep/cppformat/CMakeFiles/generate.stamp is up-to-date.
  CMake does not need to re-run because D:/Users/server/Desktop/servidor/source/build/dep/SFMT/CMakeFiles/generate.stamp is up-to-date.
  CMake does not need to re-run because D:/Users/server/Desktop/servidor/source/build/dep/utf8cpp/CMakeFiles/generate.stamp is up-to-date.
  CMake does not need to re-run because D:/Users/server/Desktop/servidor/source/build/dep/valgrind/CMakeFiles/generate.stamp is up-to-date.
  CMake does not need to re-run because D:/Users/server/Desktop/servidor/source/build/dep/openssl/CMakeFiles/generate.stamp is up-to-date.
  CMake does not need to re-run because D:/Users/server/Desktop/servidor/source/build/dep/jemalloc/CMakeFiles/generate.stamp is up-to-date.
  CMake does not need to re-run because D:/Users/server/Desktop/servidor/source/build/dep/mysql/CMakeFiles/generate.stamp is up-to-date.
  CMake does not need to re-run because D:/Users/server/Desktop/servidor/source/build/dep/readline/CMakeFiles/generate.stamp is up-to-date.
  CMake does not need to re-run because D:/Users/server/Desktop/servidor/source/build/dep/gsoap/CMakeFiles/generate.stamp is up-to-date.
  CMake does not need to re-run because D:/Users/server/Desktop/servidor/source/build/dep/efsw/CMakeFiles/generate.stamp is up-to-date.
  CMake does not need to re-run because D:/Users/server/Desktop/servidor/source/build/dep/bzip2/CMakeFiles/generate.stamp is up-to-date.
  CMake does not need to re-run because D:/Users/server/Desktop/servidor/source/build/dep/libmpq/CMakeFiles/generate.stamp is up-to-date.
  CMake does not need to re-run because D:/Users/server/Desktop/servidor/source/build/src/CMakeFiles/generate.stamp is up-to-date.
  CMake does not need to re-run because D:/Users/server/Desktop/servidor/source/build/src/genrev/CMakeFiles/generate.stamp is up-to-date.
  CMake does not need to re-run because D:/Users/server/Desktop/servidor/source/build/src/common/CMakeFiles/generate.stamp is up-to-date.
  CMake does not need to re-run because D:/Users/server/Desktop/servidor/source/build/src/server/CMakeFiles/generate.stamp is up-to-date.
  CMake does not need to re-run because D:/Users/server/Desktop/servidor/source/build/src/server/database/CMakeFiles/generate.stamp is up-to-date.
  CMake does not need to re-run because D:/Users/server/Desktop/servidor/source/build/src/server/shared/CMakeFiles/generate.stamp is up-to-date.
  CMake does not need to re-run because D:/Users/server/Desktop/servidor/source/build/src/server/game/CMakeFiles/generate.stamp is up-to-date.
  CMake does not need to re-run because D:/Users/server/Desktop/servidor/source/build/src/server/authserver/CMakeFiles/generate.stamp is up-to-date.
  CMake does not need to re-run because D:/Users/server/Desktop/servidor/source/build/src/server/scripts/CMakeFiles/generate.stamp is up-to-date.
  CMake does not need to re-run because D:/Users/server/Desktop/servidor/source/build/src/server/worldserver/CMakeFiles/generate.stamp is up-to-date.
  CMake does not need to re-run because D:/Users/server/Desktop/servidor/source/build/src/tools/CMakeFiles/generate.stamp is up-to-date.
  CMake does not need to re-run because D:/Users/server/Desktop/servidor/source/build/src/tools/map_extractor/CMakeFiles/generate.stamp is up-to-date.
  CMake does not need to re-run because D:/Users/server/Desktop/servidor/source/build/src/tools/vmap4_assembler/CMakeFiles/generate.stamp is up-to-date.
  CMake does not need to re-run because D:/Users/server/Desktop/servidor/source/build/src/tools/vmap4_extractor/CMakeFiles/generate.stamp is up-to-date.
  CMake does not need to re-run because D:/Users/server/Desktop/servidor/source/build/src/tools/mmaps_generator/CMakeFiles/generate.stamp is up-to-date.
